<?xml version="1.0" encoding="UTF-8"?>
<testsuite xmlns:xsi="http://www.w3.org/2001/XMLSchema-instance" xsi:noNamespaceSchemaLocation="https://maven.apache.org/surefire/maven-surefire-plugin/xsd/surefire-test-report-3.0.xsd" version="3.0" name="CalculadoraTest" time="0.234" tests="3" errors="0" skipped="0" failures="0">
  <properties>
    <property name="sun.desktop" value="windows"/>
    <property name="awt.toolkit" value="sun.awt.windows.WToolkit"/>
    <property name="java.specification.version" value="11"/>
    <property name="sun.cpu.isalist" value="amd64"/>
    <property name="sun.jnu.encoding" value="Cp1252"/>
    <property name="java.class.path" value="C:\Users\jbenitgu\OneDrive - NTT DATA EMEAL\Escritorio\GIT\IBK\TestQA\target\test-classes;C:\Users\jbenitgu\OneDrive - NTT DATA EMEAL\Escritorio\GIT\IBK\TestQA\target\classes;C:\Users\jbenitgu\.m2\repository\junit\junit\4.13.2\junit-4.13.2.jar;C:\Users\jbenitgu\.m2\repository\org\hamcrest\hamcrest-core\1.3\hamcrest-core-1.3.jar;"/>
    <property name="java.vm.vendor" value="Oracle Corporation"/>
    <property name="sun.arch.data.model" value="64"/>
    <property name="user.variant" value=""/>
    <property name="java.vendor.url" value="https://openjdk.java.net/"/>
    <property name="user.timezone" value="America/Bogota"/>
    <property name="java.vm.specification.version" value="11"/>
    <property name="os.name" value="Windows 10"/>
    <property name="sun.java.launcher" value="SUN_STANDARD"/>
    <property name="user.country" value="PE"/>
    <property name="sun.boot.library.path" value="C:\Program Files\Java\jdk-11.0.14\bin"/>
    <property name="sun.java.command" value="C:\Users\jbenitgu\AppData\Local\Temp\surefire5342158277985800754\surefirebooter11528107762379768862.jar C:\Users\jbenitgu\AppData\Local\Temp\surefire5342158277985800754 2024-05-06T20-04-37_754-jvmRun1 surefire15115687042278671786tmp surefire_016936789539561725816tmp"/>
    <property name="jdk.debug" value="release"/>
    <property name="surefire.test.class.path" value="C:\Users\jbenitgu\OneDrive - NTT DATA EMEAL\Escritorio\GIT\IBK\TestQA\target\test-classes;C:\Users\jbenitgu\OneDrive - NTT DATA EMEAL\Escritorio\GIT\IBK\TestQA\target\classes;C:\Users\jbenitgu\.m2\repository\junit\junit\4.13.2\junit-4.13.2.jar;C:\Users\jbenitgu\.m2\repository\org\hamcrest\hamcrest-core\1.3\hamcrest-core-1.3.jar;"/>
    <property name="sun.cpu.endian" value="little"/>
    <property name="user.home" value="C:\Users\jbenitgu"/>
    <property name="user.language" value="es"/>
    <property name="java.specification.vendor" value="Oracle Corporation"/>
    <property name="java.version.date" value="2022-01-18"/>
    <property name="java.home" value="C:\Program Files\Java\jdk-11.0.14"/>
    <property name="file.separator" value="\"/>
    <property name="basedir" value="C:\Users\jbenitgu\OneDrive - NTT DATA EMEAL\Escritorio\GIT\IBK\TestQA"/>
    <property name="java.vm.compressedOopsMode" value="Zero based"/>
    <property name="line.separator" value="&#10;"/>
    <property name="java.specification.name" value="Java Platform API Specification"/>
    <property name="java.vm.specification.vendor" value="Oracle Corporation"/>
    <property name="java.awt.graphicsenv" value="sun.awt.Win32GraphicsEnvironment"/>
    <property name="surefire.real.class.path" value="C:\Users\jbenitgu\AppData\Local\Temp\surefire5342158277985800754\surefirebooter11528107762379768862.jar"/>
    <property name="user.script" value=""/>
    <property name="sun.management.compiler" value="HotSpot 64-Bit Tiered Compilers"/>
    <property name="java.runtime.version" value="11.0.14+8-LTS-263"/>
    <property name="user.name" value="jbenitgu"/>
    <property name="path.separator" value=";"/>
    <property name="os.version" value="10.0"/>
    <property name="java.runtime.name" value="Java(TM) SE Runtime Environment"/>
    <property name="file.encoding" value="Cp1252"/>
    <property name="java.vm.name" value="Java HotSpot(TM) 64-Bit Server VM"/>
    <property name="java.vendor.version" value="18.9"/>
    <property name="localRepository" value="C:\Users\jbenitgu\.m2\repository"/>
    <property name="java.vendor.url.bug" value="https://bugreport.java.com/bugreport/"/>
    <property name="java.io.tmpdir" value="C:\Users\jbenitgu\AppData\Local\Temp\"/>
    <property name="java.version" value="11.0.14"/>
    <property name="user.dir" value="C:\Users\jbenitgu\OneDrive - NTT DATA EMEAL\Escritorio\GIT\IBK\TestQA"/>
    <property name="os.arch" value="amd64"/>
    <property name="java.vm.specification.name" value="Java Virtual Machine Specification"/>
    <property name="java.awt.printerjob" value="sun.awt.windows.WPrinterJob"/>
    <property name="sun.os.patch.level" value=""/>
    <property name="java.library.path" value="C:\Program Files\Java\jdk-11.0.14\bin;C:\WINDOWS\Sun\Java\bin;C:\WINDOWS\system32;C:\WINDOWS;C:\Program Files (x86)\Microsoft SDKs\Azure\CLI2\wbin;C:\Program Files\Snow Software\bin;C:\Program Files (x86)\Common Files\Oracle\Java\javapath;C:\WINDOWS\system32;C:\WINDOWS;C:\WINDOWS\System32\Wbem;C:\WINDOWS\System32\WindowsPowerShell\v1.0\;C:\WINDOWS\System32\OpenSSH\;C:\Program Files\Java\jdk-11.0.14\bin;C:\apache-maven-3.6.3\bin;C:\Program Files\nodejs\;C:\Users\jbenitgu\AppData\Local\Android\Sdk\\platform-tools;C:\Users\jbenitgu\AppData\Local\Android\Sdk\\platforms;C:\Users\jbenitgu\AppData\Local\Android\Sdk\\tools;C:\Program Files\Microsoft\Azure Functions Core Tools\;C:\Program Files\dotnet\;C:\Program Files (x86)\PICT\;C:\Users\jbenitgu\Downloads\instantclient-odbc-windows.x64-21.8.0.0.0dbru\instantclient_21_8;C:\Program Files\wkhtmltopdf\bin;C:\Users\jbenitgu\AppData\Local\Microsoft\WindowsApps;C:\Users\jbenitgu\AppData\Local\Programs\Git\cmd;C:\Users\jbenitgu\AppData\Roaming\npm;C:\Users\jbenitgu\AppData\Local\Programs\Microsoft VS Code\bin;C:\Program Files (x86)\PICT;C:\Users\jbenitgu\.dotnet\tools;C:\Program Files\Java\jdk-11.0.14\bin;;."/>
    <property name="java.vendor" value="Oracle Corporation"/>
    <property name="java.vm.info" value="mixed mode"/>
    <property name="java.vm.version" value="11.0.14+8-LTS-263"/>
    <property name="sun.io.unicode.encoding" value="UnicodeLittle"/>
    <property name="java.class.version" value="55.0"/>
  </properties>
  <testcase name="testResta" classname="CalculadoraTest" time="0.004">
    <system-out><![CDATA[-------------------------------------------------------------------------------------|
-------------------------------------------------------------------------------------|
   ____  _____  _________  _________  ______        _     _________     _       
  |_   \|_   _||  _   _  ||  _   _  ||_   _ `.     / \   |  _   _  |   / \      
    |   \ | |  |_/ | | \_||_/ | | \_|  | | `. \   / _ \  |_/ | | \_|  / _ \     
    | |\ \| |      | |        | |      | |  | |  / ___ \     | |     / ___ \    
   _| | \   |_    _| |_      _| |_    _| |_.' /_/ /   \ \_  _| |_  _/ /   \ \_  
  |_____\____|  |_____|    |_____|  |______.'|____| |____||_____||____| |____|
-------------------------------------------------------------------------------------|
-------------------------------------------------------------------------------------|

Ejecutando test Resta
]]></system-out>
  </testcase>
  <testcase name="testSuma" classname="CalculadoraTest" time="0.003">
    <system-out><![CDATA[Ejecutando test Suma
]]></system-out>
  </testcase>
  <testcase name="testMultiplicacion" classname="CalculadoraTest" time="0.004">
    <system-out><![CDATA[Ejecutando test Multiplicacion
]]></system-out>
  </testcase>
</testsuite>